# Logfile created on 2013-04-14 00:10:21 +0100 by logger.rb/36483
I, [2013-04-14T00:10:21.544661 #47852]  INFO -- : Attempting connection to centenary.local...
I, [2013-04-14T00:10:21.547521 #47852]  INFO -- : Success : connected to centenary.local
I, [2013-04-14T00:10:22.330090 #47852]  INFO -- : Added new trade: [{"_id"=>BSON::ObjectId('5169e5de67c992baec000001'), "title"=>"ForeignExchange:NDF", "pub_date"=>2013-04-13 22:56:21 UTC, "id"=>"2111508", "asset"=>"FX", "taxonomy"=>"ForeignExchange:NDF", "time_stamp"=>2013-04-10 18:55:11 UTC, "status"=>"Trade", "und"=>"USD", "acc"=>"CLP", "und_not"=>"23,000", "acc_not"=>"10,873,310"}]
I, [2013-04-14T00:10:22.787543 #47852]  INFO -- : Added new trade: [{"_id"=>BSON::ObjectId('5169e5de67c992baec000002'), "title"=>"ForeignExchange:NDF", "pub_date"=>2013-04-13 22:56:21 UTC, "id"=>"2111509", "asset"=>"FX", "taxonomy"=>"ForeignExchange:NDF", "time_stamp"=>2013-04-10 18:55:16 UTC, "status"=>"Trade", "und"=>"USD", "acc"=>"CLP", "und_not"=>"23,000", "acc_not"=>"10,868,976"}]
I, [2013-04-14T00:10:22.793006 #47852]  INFO -- : Added new trade: [{"_id"=>BSON::ObjectId('5169e5de67c992baec000003'), "title"=>"ForeignExchange:NDF", "pub_date"=>2013-04-13 22:56:21 UTC, "id"=>"2111510", "asset"=>"FX", "taxonomy"=>"ForeignExchange:NDF", "time_stamp"=>2013-04-10 18:55:19 UTC, "status"=>"Trade", "und"=>"USD", "acc"=>"CLP", "und_not"=>"2,200", "acc_not"=>"1,039,641"}]
I, [2013-04-14T00:10:22.798324 #47852]  INFO -- : Added new trade: [{"_id"=>BSON::ObjectId('5169e5de67c992baec000004'), "title"=>"ForeignExchange:NDF", "pub_date"=>2013-04-13 22:56:21 UTC, "id"=>"2111511", "asset"=>"FX", "taxonomy"=>"ForeignExchange:NDF", "time_stamp"=>2013-04-10 18:55:07 UTC, "status"=>"Trade", "und"=>"USD", "acc"=>"CLP", "und_not"=>"23,000", "acc_not"=>"10,873,310"}]
I, [2013-04-14T00:10:22.798384 #47852]  INFO -- : Received 4 new trades
I, [2013-04-14T00:11:34.909540 #47938]  INFO -- : Attempting connection to centenary.local.com...
E, [2013-04-14T00:11:35.075384 #47938] ERROR -- : Attempting to connect to 'centenary.local.com' : Exception Mongo::ConnectionFailure -> Failed to connect to a master node at centenary.local.com:27017
   /Users/simonhards/.rvm/gems/ruby-2.0.0-p0/gems/mongo-1.8.5/lib/mongo/mongo_client.rb:463:in `connect'
   /Users/simonhards/.rvm/gems/ruby-2.0.0-p0/gems/mongo-1.8.5/lib/mongo/mongo_client.rb:619:in `setup'
   /Users/simonhards/.rvm/gems/ruby-2.0.0-p0/gems/mongo-1.8.5/lib/mongo/mongo_client.rb:126:in `initialize'
   dtcc_trade_logger.rb:28:in `new'
   dtcc_trade_logger.rb:28:in `init_db'
   dtcc_trade_logger.rb:21:in `initialize'
   dtcc_trade_logger.rb:107:in `new'
   dtcc_trade_logger.rb:107:in `<main>'
I, [2013-04-14T00:12:00.164784 #47976]  INFO -- : Attempting connection to centenary.local...
I, [2013-04-14T00:12:00.243219 #47976]  INFO -- : Success : connected to centenary.local
I, [2013-04-14T00:22:13.778573 #48266]  INFO -- : Attempting connection to centenary.local...
I, [2013-04-14T00:22:13.781335 #48266]  INFO -- : Success : connected to centenary.local
I, [2013-04-14T00:22:24.260382 #48298]  INFO -- : Attempting connection to centenary.local...
I, [2013-04-14T00:22:24.262776 #48298]  INFO -- : Success : connected to centenary.local
I, [2013-04-14T00:34:37.123610 #48616]  INFO -- : Attempting connection to centenary.local...
I, [2013-04-14T00:34:37.125850 #48616]  INFO -- : Success : connected to centenary.local
I, [2013-04-14T01:29:17.406940 #48298]  INFO -- : Added new trade: [{"_id"=>BSON::ObjectId('5169f85d67c992bcaa000001'), "title"=>"ForeignExchange:NDF", "pub_date"=>2013-04-14 00:29:16 UTC, "id"=>"2111684", "asset"=>"FX", "taxonomy"=>"ForeignExchange:NDF", "time_stamp"=>2013-04-10 18:59:44 UTC, "status"=>"Trade", "und"=>"BRL", "acc"=>"USD", "und_not"=>"796,600", "acc_not"=>"400,000"}]
I, [2013-04-14T01:29:17.407029 #48298]  INFO -- : Received 1 new trades
I, [2013-04-14T01:29:29.462826 #48298]  INFO -- : Added new trade: [{"_id"=>BSON::ObjectId('5169f86967c992bcaa000002'), "title"=>"ForeignExchange:NDF", "pub_date"=>2013-04-14 00:29:29 UTC, "id"=>"2111685", "asset"=>"FX", "taxonomy"=>"ForeignExchange:NDF", "time_stamp"=>2013-04-10 19:02:30 UTC, "status"=>"Trade", "und"=>"PHP", "acc"=>"USD", "und_not"=>"6,572,320", "acc_not"=>"160,000"}]
I, [2013-04-14T01:29:29.467765 #48298]  INFO -- : Added new trade: [{"_id"=>BSON::ObjectId('5169f86967c992bcaa000003'), "title"=>"ForeignExchange:NDF", "pub_date"=>2013-04-14 00:29:29 UTC, "id"=>"2111686", "asset"=>"FX", "taxonomy"=>"ForeignExchange:NDF", "time_stamp"=>2013-04-10 19:02:26 UTC, "status"=>"Trade", "und"=>"PHP", "acc"=>"USD", "und_not"=>"1,396,618", "acc_not"=>"34,000"}]
I, [2013-04-14T01:29:29.472725 #48298]  INFO -- : Added new trade: [{"_id"=>BSON::ObjectId('5169f86967c992bcaa000004'), "title"=>"ForeignExchange:NDF", "pub_date"=>2013-04-14 00:29:29 UTC, "id"=>"2111687", "asset"=>"FX", "taxonomy"=>"ForeignExchange:NDF", "time_stamp"=>2013-04-10 19:02:42 UTC, "status"=>"Trade", "und"=>"TWD", "acc"=>"USD", "und_not"=>"5,093,200", "acc_not"=>"170,000"}]
I, [2013-04-14T01:29:29.477590 #48298]  INFO -- : Added new trade: [{"_id"=>BSON::ObjectId('5169f86967c992bcaa000005'), "title"=>"ForeignExchange:NDF", "pub_date"=>2013-04-14 00:29:29 UTC, "id"=>"2111688", "asset"=>"FX", "taxonomy"=>"ForeignExchange:NDF", "time_stamp"=>2013-04-10 19:02:45 UTC, "status"=>"Trade", "und"=>"TWD", "acc"=>"USD", "und_not"=>"26,664,401", "acc_not"=>"890,000"}]
I, [2013-04-14T01:29:29.482421 #48298]  INFO -- : Added new trade: [{"_id"=>BSON::ObjectId('5169f86967c992bcaa000006'), "title"=>"ForeignExchange:NDF", "pub_date"=>2013-04-14 00:29:29 UTC, "id"=>"2111689", "asset"=>"FX", "taxonomy"=>"ForeignExchange:NDF", "time_stamp"=>2013-04-10 19:02:44 UTC, "status"=>"Trade", "und"=>"TWD", "acc"=>"USD", "und_not"=>"16,178,399", "acc_not"=>"540,000"}]
I, [2013-04-14T01:29:29.487218 #48298]  INFO -- : Added new trade: [{"_id"=>BSON::ObjectId('5169f86967c992bcaa000007'), "title"=>"ForeignExchange:NDF", "pub_date"=>2013-04-14 00:29:29 UTC, "id"=>"2111690", "asset"=>"FX", "taxonomy"=>"ForeignExchange:NDF", "time_stamp"=>2013-04-10 19:02:51 UTC, "status"=>"Trade", "und"=>"TWD", "acc"=>"USD", "und_not"=>"59,919,996", "acc_not"=>"2,000,000"}]
I, [2013-04-14T01:29:29.492046 #48298]  INFO -- : Added new trade: [{"_id"=>BSON::ObjectId('5169f86967c992bcaa000008'), "title"=>"ForeignExchange:NDF", "pub_date"=>2013-04-14 00:29:29 UTC, "id"=>"2111691", "asset"=>"FX", "taxonomy"=>"ForeignExchange:NDF", "time_stamp"=>2013-04-10 19:02:28 UTC, "status"=>"Trade", "und"=>"PHP", "acc"=>"USD", "und_not"=>"6,572,320", "acc_not"=>"160,000"}]
I, [2013-04-14T01:29:29.496720 #48298]  INFO -- : Added new trade: [{"_id"=>BSON::ObjectId('5169f86967c992bcaa000009'), "title"=>"ForeignExchange:NDF", "pub_date"=>2013-04-14 00:29:29 UTC, "id"=>"2111692", "asset"=>"FX", "taxonomy"=>"ForeignExchange:NDF", "time_stamp"=>2013-04-10 14:00:30 UTC, "status"=>"Trade", "und"=>"KRW", "acc"=>"USD", "und_not"=>"5,668,499,929", "acc_not"=>"5,000,000"}]
I, [2013-04-14T01:29:29.501545 #48298]  INFO -- : Added new trade: [{"_id"=>BSON::ObjectId('5169f86967c992bcaa00000a'), "title"=>"ForeignExchange:NDF", "pub_date"=>2013-04-14 00:29:29 UTC, "id"=>"2111693", "asset"=>"FX", "taxonomy"=>"ForeignExchange:NDF", "time_stamp"=>2013-04-10 19:02:47 UTC, "status"=>"Trade", "und"=>"TWD", "acc"=>"USD", "und_not"=>"89,880,000", "acc_not"=>"3,000,000"}]
I, [2013-04-14T01:29:29.506040 #48298]  INFO -- : Added new trade: [{"_id"=>BSON::ObjectId('5169f86967c992bcaa00000b'), "title"=>"ForeignExchange:NDF", "pub_date"=>2013-04-14 00:29:29 UTC, "id"=>"2111694", "asset"=>"FX", "taxonomy"=>"ForeignExchange:NDF", "time_stamp"=>2013-04-10 19:02:49 UTC, "status"=>"Trade", "und"=>"TWD", "acc"=>"USD", "und_not"=>"23,069,199", "acc_not"=>"770,000"}]
I, [2013-04-14T01:29:29.506101 #48298]  INFO -- : Received 10 new trades
I, [2013-04-14T01:29:42.741397 #48298]  INFO -- : Added new trade: [{"_id"=>BSON::ObjectId('5169f87667c992bcaa00000c'), "title"=>"ForeignExchange:NDF", "pub_date"=>2013-04-14 00:29:42 UTC, "id"=>"2111695", "asset"=>"FX", "taxonomy"=>"ForeignExchange:NDF", "time_stamp"=>2013-04-10 14:00:37 UTC, "status"=>"Trade", "und"=>"USD", "acc"=>"KRW", "und_not"=>"3,000,000", "acc_not"=>"3,395,399,940"}]
I, [2013-04-14T01:29:42.746255 #48298]  INFO -- : Added new trade: [{"_id"=>BSON::ObjectId('5169f87667c992bcaa00000d'), "title"=>"ForeignExchange:NDF", "pub_date"=>2013-04-14 00:29:42 UTC, "id"=>"2111696", "asset"=>"FX", "taxonomy"=>"ForeignExchange:NDF", "time_stamp"=>2013-04-10 19:06:52 UTC, "status"=>"Trade", "und"=>"EUR", "acc"=>"RUB", "und_not"=>"97,728", "acc_not"=>"4,000,000"}]
I, [2013-04-14T01:29:42.751088 #48298]  INFO -- : Added new trade: [{"_id"=>BSON::ObjectId('5169f87667c992bcaa00000e'), "title"=>"ForeignExchange:NDF", "pub_date"=>2013-04-14 00:29:42 UTC, "id"=>"2111697", "asset"=>"FX", "taxonomy"=>"ForeignExchange:NDF", "time_stamp"=>2013-04-10 19:06:53 UTC, "status"=>"Trade", "und"=>"EUR", "acc"=>"RUB", "und_not"=>"293,183", "acc_not"=>"12,000,000"}]
I, [2013-04-14T01:29:42.751148 #48298]  INFO -- : Received 3 new trades
I, [2013-04-14T01:30:08.637734 #48298]  INFO -- : Added new trade: [{"_id"=>BSON::ObjectId('5169f89067c992bcaa00000f'), "title"=>"ForeignExchange:NDF", "pub_date"=>2013-04-14 00:30:08 UTC, "id"=>"2111698", "asset"=>"FX", "taxonomy"=>"ForeignExchange:NDF", "time_stamp"=>2013-04-10 19:09:25 UTC, "status"=>"Trade", "und"=>"IDR", "acc"=>"USD", "und_not"=>"3,995,450,042", "acc_not"=>"410,000"}]
I, [2013-04-14T01:30:08.642508 #48298]  INFO -- : Added new trade: [{"_id"=>BSON::ObjectId('5169f89067c992bcaa000010'), "title"=>"ForeignExchange:NDF", "pub_date"=>2013-04-14 00:30:08 UTC, "id"=>"2111699", "asset"=>"FX", "taxonomy"=>"ForeignExchange:NDF", "time_stamp"=>2013-04-10 19:09:25 UTC, "status"=>"Trade", "und"=>"IDR", "acc"=>"USD", "und_not"=>"4,287,800,036", "acc_not"=>"440,000"}]
I, [2013-04-14T01:30:08.647542 #48298]  INFO -- : Added new trade: [{"_id"=>BSON::ObjectId('5169f89067c992bcaa000011'), "title"=>"ForeignExchange:NDF", "pub_date"=>2013-04-14 00:30:08 UTC, "id"=>"2111700", "asset"=>"FX", "taxonomy"=>"ForeignExchange:NDF", "time_stamp"=>2013-04-10 14:08:36 UTC, "status"=>"Trade", "und"=>"TWD", "acc"=>"USD", "und_not"=>"807,974,999", "acc_not"=>"27,000,000"}]
I, [2013-04-14T01:30:08.652320 #48298]  INFO -- : Added new trade: [{"_id"=>BSON::ObjectId('5169f89067c992bcaa000012'), "title"=>"ForeignExchange:NDF", "pub_date"=>2013-04-14 00:30:08 UTC, "id"=>"2111701", "asset"=>"FX", "taxonomy"=>"ForeignExchange:NDF", "time_stamp"=>2013-04-10 19:09:25 UTC, "status"=>"Trade", "und"=>"IDR", "acc"=>"USD", "und_not"=>"974,499,981", "acc_not"=>"100,000"}]
I, [2013-04-14T01:30:08.656968 #48298]  INFO -- : Added new trade: [{"_id"=>BSON::ObjectId('5169f89067c992bcaa000013'), "title"=>"ForeignExchange:NDF", "pub_date"=>2013-04-14 00:30:08 UTC, "id"=>"2111702", "asset"=>"FX", "taxonomy"=>"ForeignExchange:NDF", "time_stamp"=>2013-04-10 14:07:00 UTC, "status"=>"Trade", "und"=>"TWD", "acc"=>"USD", "und_not"=>"807,974,999", "acc_not"=>"27,000,000"}]
I, [2013-04-14T01:30:08.657027 #48298]  INFO -- : Received 5 new trades
I, [2013-04-14T01:30:34.642492 #49933]  INFO -- : Attempting connection to centenary.local...
I, [2013-04-14T01:30:34.749243 #49933]  INFO -- : Success : connected to centenary.local
I, [2013-04-14T01:30:58.358993 #48298]  INFO -- : Added new trade: [{"_id"=>BSON::ObjectId('5169f8c267c992bcaa000014'), "title"=>"ForeignExchange:NDF", "pub_date"=>2013-04-14 00:30:58 UTC, "id"=>"2111703", "asset"=>"FX", "taxonomy"=>"ForeignExchange:NDF", "time_stamp"=>2013-04-10 14:14:18 UTC, "status"=>"Trade", "und"=>"USD", "acc"=>"BRL", "und_not"=>"11,000,000", "acc_not"=>"21,870,200"}]
I, [2013-04-14T01:30:58.359088 #48298]  INFO -- : Received 1 new trades
I, [2013-04-14T01:31:35.958956 #48298]  INFO -- : Added new trade: [{"_id"=>BSON::ObjectId('5169f8e767c992bcaa000015'), "title"=>"ForeignExchange:NDF", "pub_date"=>2013-04-14 00:31:36 UTC, "id"=>"2111704", "asset"=>"FX", "taxonomy"=>"ForeignExchange:NDF", "time_stamp"=>2013-04-10 14:13:39 UTC, "status"=>"Trade", "und"=>"USD", "acc"=>"TWD", "und_not"=>"10,000,000", "acc_not"=>"299,550,016"}]
I, [2013-04-14T01:31:35.959045 #48298]  INFO -- : Received 1 new trades
I, [2013-04-14T01:32:07.522489 #50089]  INFO -- : Attempting connection to centenary.local...
I, [2013-04-14T01:32:07.525168 #50089]  INFO -- : Success : connected to centenary.local
I, [2013-04-14T01:32:39.309160 #50089]  INFO -- : Added new trade: [{"_id"=>BSON::ObjectId('5169f92767c992c3a9000001'), "title"=>"ForeignExchange:NDF", "pub_date"=>2013-04-14 00:32:12 UTC, "id"=>nil, "asset"=>nil, "taxonomy"=>nil, "time_stamp"=>2013-04-14 00:32:39 UTC, "status"=>nil, "und"=>nil, "acc"=>nil, "und_not"=>nil, "acc_not"=>nil}]
I, [2013-04-14T01:32:39.312859 #50089]  INFO -- : Received 1 new trades
I, [2013-04-14T01:33:31.435085 #50120]  INFO -- : Attempting connection to centenary.local...
I, [2013-04-14T01:33:31.437706 #50120]  INFO -- : Success : connected to centenary.local
I, [2013-04-14T01:46:55.935624 #50440]  INFO -- : Attempting connection to centenary.local...
I, [2013-04-14T01:46:55.937748 #50440]  INFO -- : Success : connected to centenary.local
I, [2013-04-14T01:48:21.227284 #50473]  INFO -- : Attempting connection to centenary.local...
I, [2013-04-14T01:48:21.286104 #50473]  INFO -- : Success : connected to centenary.local
I, [2013-04-14T01:52:46.817568 #50571]  INFO -- : Attempting connection to centenary.local...
I, [2013-04-14T01:52:46.820175 #50571]  INFO -- : Success : connected to centenary.local
I, [2013-04-14T01:53:08.630376 #50588]  INFO -- : Attempting connection to centenary.local...
I, [2013-04-14T01:53:08.632757 #50588]  INFO -- : Success : connected to centenary.local
I, [2013-04-14T01:54:43.336470 #50623]  INFO -- : Attempting connection to centenary.local...
I, [2013-04-14T01:54:43.338888 #50623]  INFO -- : Success : connected to centenary.local
I, [2013-04-14T20:53:02.903618 #90689]  INFO -- : Attempting connection to centenary.local...
I, [2013-04-14T20:53:02.906219 #90689]  INFO -- : Success : connected to centenary.local
I, [2013-04-14T23:34:20.218643 #94756]  INFO -- : Attempting connection to centenary.local...
I, [2013-04-14T23:34:20.221144 #94756]  INFO -- : Success : connected to centenary.local
I, [2013-04-14T23:35:38.029027 #94794]  INFO -- : Attempting connection to centenary.local...
I, [2013-04-14T23:35:38.031454 #94794]  INFO -- : Success : connected to centenary.local
I, [2013-04-14T23:37:16.361903 #94847]  INFO -- : Attempting connection to centenary.local...
I, [2013-04-14T23:37:16.364304 #94847]  INFO -- : Success : connected to centenary.local
